CRITICAL - 2022-07-17 12:18:37 --> Invalid file: admin/Login.php
in SYSTEMPATH\Exceptions\FrameworkException.php on line 33.
 1 SYSTEMPATH\View\View.php(201): CodeIgniter\Exceptions\FrameworkException::forInvalidFile('admin/Login.php')
 2 SYSTEMPATH\Common.php(1135): CodeIgniter\View\View->render('admin/Login', [], true)
 3 APPPATH\Controllers\Admin.php(657): view('admin/Login', [...])
 4 SYSTEMPATH\CodeIgniter.php(896): App\Controllers\Admin->Login()
 5 SYSTEMPATH\CodeIgniter.php(466): CodeIgniter\CodeIgniter->runController(Object(App\Controllers\Admin))
 6 SYSTEMPATH\CodeIgniter.php(349): CodeIgniter\CodeIgniter->handleRequest(null, Object(Config\Cache), false)
 7 FCPATH\index.php(55): CodeIgniter\CodeIgniter->run()
 8 SYSTEMPATH\Commands\Server\rewrite.php(43): require_once('FCPATH\\index.php')
CRITICAL - 2022-07-17 12:18:54 --> Invalid file: admin/Login.php
in SYSTEMPATH\Exceptions\FrameworkException.php on line 33.
 1 SYSTEMPATH\View\View.php(201): CodeIgniter\Exceptions\FrameworkException::forInvalidFile('admin/Login.php')
 2 SYSTEMPATH\Common.php(1135): CodeIgniter\View\View->render('admin/Login', [], true)
 3 APPPATH\Controllers\Admin.php(657): view('admin/Login', [...])
 4 SYSTEMPATH\CodeIgniter.php(896): App\Controllers\Admin->Login()
 5 SYSTEMPATH\CodeIgniter.php(466): CodeIgniter\CodeIgniter->runController(Object(App\Controllers\Admin))
 6 SYSTEMPATH\CodeIgniter.php(349): CodeIgniter\CodeIgniter->handleRequest(null, Object(Config\Cache), false)
 7 FCPATH\index.php(55): CodeIgniter\CodeIgniter->run()
 8 SYSTEMPATH\Commands\Server\rewrite.php(43): require_once('FCPATH\\index.php')
CRITICAL - 2022-07-17 12:20:58 --> Invalid file: admin/Login.php
in SYSTEMPATH\Exceptions\FrameworkException.php on line 33.
 1 SYSTEMPATH\View\View.php(201): CodeIgniter\Exceptions\FrameworkException::forInvalidFile('admin/Login.php')
 2 SYSTEMPATH\Common.php(1135): CodeIgniter\View\View->render('admin/Login', [], true)
 3 APPPATH\Controllers\Admin.php(657): view('admin/Login', [...])
 4 SYSTEMPATH\CodeIgniter.php(896): App\Controllers\Admin->Login()
 5 SYSTEMPATH\CodeIgniter.php(466): CodeIgniter\CodeIgniter->runController(Object(App\Controllers\Admin))
 6 SYSTEMPATH\CodeIgniter.php(349): CodeIgniter\CodeIgniter->handleRequest(null, Object(Config\Cache), false)
 7 FCPATH\index.php(55): CodeIgniter\CodeIgniter->run()
 8 SYSTEMPATH\Commands\Server\rewrite.php(43): require_once('FCPATH\\index.php')
CRITICAL - 2022-07-17 12:21:06 --> Invalid file: admin/Login.php
in SYSTEMPATH\Exceptions\FrameworkException.php on line 33.
 1 SYSTEMPATH\View\View.php(201): CodeIgniter\Exceptions\FrameworkException::forInvalidFile('admin/Login.php')
 2 SYSTEMPATH\Common.php(1135): CodeIgniter\View\View->render('admin/Login', [], true)
 3 APPPATH\Controllers\Admin.php(657): view('admin/Login', [...])
 4 SYSTEMPATH\CodeIgniter.php(896): App\Controllers\Admin->Login()
 5 SYSTEMPATH\CodeIgniter.php(466): CodeIgniter\CodeIgniter->runController(Object(App\Controllers\Admin))
 6 SYSTEMPATH\CodeIgniter.php(349): CodeIgniter\CodeIgniter->handleRequest(null, Object(Config\Cache), false)
 7 FCPATH\index.php(55): CodeIgniter\CodeIgniter->run()
 8 SYSTEMPATH\Commands\Server\rewrite.php(43): require_once('FCPATH\\index.php')
CRITICAL - 2022-07-17 12:22:40 --> Invalid file: admin/Login.php
in SYSTEMPATH\Exceptions\FrameworkException.php on line 33.
 1 SYSTEMPATH\View\View.php(201): CodeIgniter\Exceptions\FrameworkException::forInvalidFile('admin/Login.php')
 2 SYSTEMPATH\Common.php(1135): CodeIgniter\View\View->render('admin/Login', [], true)
 3 APPPATH\Controllers\Admin.php(491): view('admin/Login', [...])
 4 SYSTEMPATH\CodeIgniter.php(896): App\Controllers\Admin->Login()
 5 SYSTEMPATH\CodeIgniter.php(466): CodeIgniter\CodeIgniter->runController(Object(App\Controllers\Admin))
 6 SYSTEMPATH\CodeIgniter.php(349): CodeIgniter\CodeIgniter->handleRequest(null, Object(Config\Cache), false)
 7 FCPATH\index.php(55): CodeIgniter\CodeIgniter->run()
 8 SYSTEMPATH\Commands\Server\rewrite.php(43): require_once('FCPATH\\index.php')
CRITICAL - 2022-07-17 12:22:43 --> Invalid file: admin/Login.php
in SYSTEMPATH\Exceptions\FrameworkException.php on line 33.
 1 SYSTEMPATH\View\View.php(201): CodeIgniter\Exceptions\FrameworkException::forInvalidFile('admin/Login.php')
 2 SYSTEMPATH\Common.php(1135): CodeIgniter\View\View->render('admin/Login', [], true)
 3 APPPATH\Controllers\Admin.php(491): view('admin/Login', [...])
 4 SYSTEMPATH\CodeIgniter.php(896): App\Controllers\Admin->Login()
 5 SYSTEMPATH\CodeIgniter.php(466): CodeIgniter\CodeIgniter->runController(Object(App\Controllers\Admin))
 6 SYSTEMPATH\CodeIgniter.php(349): CodeIgniter\CodeIgniter->handleRequest(null, Object(Config\Cache), false)
 7 FCPATH\index.php(55): CodeIgniter\CodeIgniter->run()
 8 SYSTEMPATH\Commands\Server\rewrite.php(43): require_once('FCPATH\\index.php')
CRITICAL - 2022-07-17 12:23:04 --> Invalid file: admin/Login.php
in SYSTEMPATH\Exceptions\FrameworkException.php on line 33.
 1 SYSTEMPATH\View\View.php(201): CodeIgniter\Exceptions\FrameworkException::forInvalidFile('admin/Login.php')
 2 SYSTEMPATH\Common.php(1135): CodeIgniter\View\View->render('admin/Login', [], true)
 3 APPPATH\Controllers\Admin.php(491): view('admin/Login', [...])
 4 SYSTEMPATH\CodeIgniter.php(896): App\Controllers\Admin->Login()
 5 SYSTEMPATH\CodeIgniter.php(466): CodeIgniter\CodeIgniter->runController(Object(App\Controllers\Admin))
 6 SYSTEMPATH\CodeIgniter.php(349): CodeIgniter\CodeIgniter->handleRequest(null, Object(Config\Cache), false)
 7 FCPATH\index.php(55): CodeIgniter\CodeIgniter->run()
 8 SYSTEMPATH\Commands\Server\rewrite.php(43): require_once('FCPATH\\index.php')
CRITICAL - 2022-07-17 12:23:24 --> Invalid file: admin/Login.php
in SYSTEMPATH\Exceptions\FrameworkException.php on line 33.
 1 SYSTEMPATH\View\View.php(201): CodeIgniter\Exceptions\FrameworkException::forInvalidFile('admin/Login.php')
 2 SYSTEMPATH\Common.php(1135): CodeIgniter\View\View->render('admin/Login', [], true)
 3 APPPATH\Controllers\Admin.php(491): view('admin/Login', [...])
 4 SYSTEMPATH\CodeIgniter.php(896): App\Controllers\Admin->Login()
 5 SYSTEMPATH\CodeIgniter.php(466): CodeIgniter\CodeIgniter->runController(Object(App\Controllers\Admin))
 6 SYSTEMPATH\CodeIgniter.php(349): CodeIgniter\CodeIgniter->handleRequest(null, Object(Config\Cache), false)
 7 FCPATH\index.php(55): CodeIgniter\CodeIgniter->run()
 8 SYSTEMPATH\Commands\Server\rewrite.php(43): require_once('FCPATH\\index.php')
CRITICAL - 2022-07-17 12:23:25 --> Invalid file: admin/Login.php
in SYSTEMPATH\Exceptions\FrameworkException.php on line 33.
 1 SYSTEMPATH\View\View.php(201): CodeIgniter\Exceptions\FrameworkException::forInvalidFile('admin/Login.php')
 2 SYSTEMPATH\Common.php(1135): CodeIgniter\View\View->render('admin/Login', [], true)
 3 APPPATH\Controllers\Admin.php(491): view('admin/Login', [...])
 4 SYSTEMPATH\CodeIgniter.php(896): App\Controllers\Admin->Login()
 5 SYSTEMPATH\CodeIgniter.php(466): CodeIgniter\CodeIgniter->runController(Object(App\Controllers\Admin))
 6 SYSTEMPATH\CodeIgniter.php(349): CodeIgniter\CodeIgniter->handleRequest(null, Object(Config\Cache), false)
 7 FCPATH\index.php(55): CodeIgniter\CodeIgniter->run()
 8 SYSTEMPATH\Commands\Server\rewrite.php(43): require_once('FCPATH\\index.php')
CRITICAL - 2022-07-17 12:23:25 --> Invalid file: admin/Login.php
in SYSTEMPATH\Exceptions\FrameworkException.php on line 33.
 1 SYSTEMPATH\View\View.php(201): CodeIgniter\Exceptions\FrameworkException::forInvalidFile('admin/Login.php')
 2 SYSTEMPATH\Common.php(1135): CodeIgniter\View\View->render('admin/Login', [], true)
 3 APPPATH\Controllers\Admin.php(491): view('admin/Login', [...])
 4 SYSTEMPATH\CodeIgniter.php(896): App\Controllers\Admin->Login()
 5 SYSTEMPATH\CodeIgniter.php(466): CodeIgniter\CodeIgniter->runController(Object(App\Controllers\Admin))
 6 SYSTEMPATH\CodeIgniter.php(349): CodeIgniter\CodeIgniter->handleRequest(null, Object(Config\Cache), false)
 7 FCPATH\index.php(55): CodeIgniter\CodeIgniter->run()
 8 SYSTEMPATH\Commands\Server\rewrite.php(43): require_once('FCPATH\\index.php')
CRITICAL - 2022-07-17 12:23:28 --> Invalid file: admin/Login.php
in SYSTEMPATH\Exceptions\FrameworkException.php on line 33.
 1 SYSTEMPATH\View\View.php(201): CodeIgniter\Exceptions\FrameworkException::forInvalidFile('admin/Login.php')
 2 SYSTEMPATH\Common.php(1135): CodeIgniter\View\View->render('admin/Login', [], true)
 3 APPPATH\Controllers\Admin.php(491): view('admin/Login', [...])
 4 SYSTEMPATH\CodeIgniter.php(896): App\Controllers\Admin->Login()
 5 SYSTEMPATH\CodeIgniter.php(466): CodeIgniter\CodeIgniter->runController(Object(App\Controllers\Admin))
 6 SYSTEMPATH\CodeIgniter.php(349): CodeIgniter\CodeIgniter->handleRequest(null, Object(Config\Cache), false)
 7 FCPATH\index.php(55): CodeIgniter\CodeIgniter->run()
 8 SYSTEMPATH\Commands\Server\rewrite.php(43): require_once('FCPATH\\index.php')
CRITICAL - 2022-07-17 12:23:54 --> Invalid file: admin/Login.php
in SYSTEMPATH\Exceptions\FrameworkException.php on line 33.
 1 SYSTEMPATH\View\View.php(201): CodeIgniter\Exceptions\FrameworkException::forInvalidFile('admin/Login.php')
 2 SYSTEMPATH\Common.php(1135): CodeIgniter\View\View->render('admin/Login', [], true)
 3 APPPATH\Controllers\Admin.php(491): view('admin/Login', [...])
 4 SYSTEMPATH\CodeIgniter.php(896): App\Controllers\Admin->Login()
 5 SYSTEMPATH\CodeIgniter.php(466): CodeIgniter\CodeIgniter->runController(Object(App\Controllers\Admin))
 6 SYSTEMPATH\CodeIgniter.php(349): CodeIgniter\CodeIgniter->handleRequest(null, Object(Config\Cache), false)
 7 FCPATH\index.php(55): CodeIgniter\CodeIgniter->run()
 8 SYSTEMPATH\Commands\Server\rewrite.php(43): require_once('FCPATH\\index.php')
CRITICAL - 2022-07-17 12:28:48 --> Invalid file: admin/Login.php
in SYSTEMPATH\Exceptions\FrameworkException.php on line 33.
 1 SYSTEMPATH\View\View.php(201): CodeIgniter\Exceptions\FrameworkException::forInvalidFile('admin/Login.php')
 2 SYSTEMPATH\Common.php(1135): CodeIgniter\View\View->render('admin/Login', [], true)
 3 APPPATH\Controllers\Admin.php(657): view('admin/Login', [...])
 4 SYSTEMPATH\CodeIgniter.php(896): App\Controllers\Admin->Login()
 5 SYSTEMPATH\CodeIgniter.php(466): CodeIgniter\CodeIgniter->runController(Object(App\Controllers\Admin))
 6 SYSTEMPATH\CodeIgniter.php(349): CodeIgniter\CodeIgniter->handleRequest(null, Object(Config\Cache), false)
 7 FCPATH\index.php(55): CodeIgniter\CodeIgniter->run()
 8 SYSTEMPATH\Commands\Server\rewrite.php(43): require_once('FCPATH\\index.php')
