CRITICAL - 2022-07-16 05:37:55 --> Invalid file: admin/Edit.php
in SYSTEMPATH\Exceptions\FrameworkException.php on line 33.
 1 SYSTEMPATH\View\View.php(201): CodeIgniter\Exceptions\FrameworkException::forInvalidFile('admin/Edit.php')
 2 SYSTEMPATH\Common.php(1135): CodeIgniter\View\View->render('admin/Edit', [], true)
 3 APPPATH\Controllers\Pages.php(478): view('admin/Edit', [...])
 4 SYSTEMPATH\CodeIgniter.php(896): App\Controllers\Pages->Edit()
 5 SYSTEMPATH\CodeIgniter.php(466): CodeIgniter\CodeIgniter->runController(Object(App\Controllers\Pages))
 6 SYSTEMPATH\CodeIgniter.php(349): CodeIgniter\CodeIgniter->handleRequest(null, Object(Config\Cache), false)
 7 FCPATH\index.php(55): CodeIgniter\CodeIgniter->run()
 8 SYSTEMPATH\Commands\Server\rewrite.php(43): require_once('FCPATH\\index.php')
CRITICAL - 2022-07-16 07:10:46 --> Invalid file: admin/Edit.php
in SYSTEMPATH\Exceptions\FrameworkException.php on line 33.
 1 SYSTEMPATH\View\View.php(201): CodeIgniter\Exceptions\FrameworkException::forInvalidFile('admin/Edit.php')
 2 SYSTEMPATH\Common.php(1135): CodeIgniter\View\View->render('admin/Edit', [], true)
 3 APPPATH\Controllers\Pages.php(478): view('admin/Edit', [...])
 4 SYSTEMPATH\CodeIgniter.php(896): App\Controllers\Pages->Edit()
 5 SYSTEMPATH\CodeIgniter.php(466): CodeIgniter\CodeIgniter->runController(Object(App\Controllers\Pages))
 6 SYSTEMPATH\CodeIgniter.php(349): CodeIgniter\CodeIgniter->handleRequest(null, Object(Config\Cache), false)
 7 FCPATH\index.php(55): CodeIgniter\CodeIgniter->run()
 8 SYSTEMPATH\Commands\Server\rewrite.php(43): require_once('FCPATH\\index.php')
CRITICAL - 2022-07-16 07:10:50 --> Invalid file: admin/Edit.php
in SYSTEMPATH\Exceptions\FrameworkException.php on line 33.
 1 SYSTEMPATH\View\View.php(201): CodeIgniter\Exceptions\FrameworkException::forInvalidFile('admin/Edit.php')
 2 SYSTEMPATH\Common.php(1135): CodeIgniter\View\View->render('admin/Edit', [], true)
 3 APPPATH\Controllers\Pages.php(478): view('admin/Edit', [...])
 4 SYSTEMPATH\CodeIgniter.php(896): App\Controllers\Pages->Edit()
 5 SYSTEMPATH\CodeIgniter.php(466): CodeIgniter\CodeIgniter->runController(Object(App\Controllers\Pages))
 6 SYSTEMPATH\CodeIgniter.php(349): CodeIgniter\CodeIgniter->handleRequest(null, Object(Config\Cache), false)
 7 FCPATH\index.php(55): CodeIgniter\CodeIgniter->run()
 8 SYSTEMPATH\Commands\Server\rewrite.php(43): require_once('FCPATH\\index.php')
CRITICAL - 2022-07-16 10:52:19 --> Invalid file: pages/Loker/EditLoker.php
in SYSTEMPATH\Exceptions\FrameworkException.php on line 33.
 1 SYSTEMPATH\View\View.php(201): CodeIgniter\Exceptions\FrameworkException::forInvalidFile('pages/Loker/EditLoker.php')
 2 SYSTEMPATH\Common.php(1135): CodeIgniter\View\View->render('pages/Loker/EditLoker', [], true)
 3 APPPATH\Controllers\Pages.php(488): view('pages/Loker/EditLoker', [...])
 4 SYSTEMPATH\CodeIgniter.php(896): App\Controllers\Pages->EditLoker()
 5 SYSTEMPATH\CodeIgniter.php(466): CodeIgniter\CodeIgniter->runController(Object(App\Controllers\Pages))
 6 SYSTEMPATH\CodeIgniter.php(349): CodeIgniter\CodeIgniter->handleRequest(null, Object(Config\Cache), false)
 7 FCPATH\index.php(55): CodeIgniter\CodeIgniter->run()
 8 SYSTEMPATH\Commands\Server\rewrite.php(43): require_once('FCPATH\\index.php')
CRITICAL - 2022-07-16 10:52:25 --> Invalid file: pages/Loker/EditLoker.php
in SYSTEMPATH\Exceptions\FrameworkException.php on line 33.
 1 SYSTEMPATH\View\View.php(201): CodeIgniter\Exceptions\FrameworkException::forInvalidFile('pages/Loker/EditLoker.php')
 2 SYSTEMPATH\Common.php(1135): CodeIgniter\View\View->render('pages/Loker/EditLoker', [], true)
 3 APPPATH\Controllers\Pages.php(488): view('pages/Loker/EditLoker', [...])
 4 SYSTEMPATH\CodeIgniter.php(896): App\Controllers\Pages->EditLoker()
 5 SYSTEMPATH\CodeIgniter.php(466): CodeIgniter\CodeIgniter->runController(Object(App\Controllers\Pages))
 6 SYSTEMPATH\CodeIgniter.php(349): CodeIgniter\CodeIgniter->handleRequest(null, Object(Config\Cache), false)
 7 FCPATH\index.php(55): CodeIgniter\CodeIgniter->run()
 8 SYSTEMPATH\Commands\Server\rewrite.php(43): require_once('FCPATH\\index.php')
CRITICAL - 2022-07-16 10:53:01 --> Invalid file: pages/Loker/EditLoker.php
in SYSTEMPATH\Exceptions\FrameworkException.php on line 33.
 1 SYSTEMPATH\View\View.php(201): CodeIgniter\Exceptions\FrameworkException::forInvalidFile('pages/Loker/EditLoker.php')
 2 SYSTEMPATH\Common.php(1135): CodeIgniter\View\View->render('pages/Loker/EditLoker', [], true)
 3 APPPATH\Controllers\Pages.php(488): view('pages/Loker/EditLoker', [...])
 4 SYSTEMPATH\CodeIgniter.php(896): App\Controllers\Pages->EditLoker()
 5 SYSTEMPATH\CodeIgniter.php(466): CodeIgniter\CodeIgniter->runController(Object(App\Controllers\Pages))
 6 SYSTEMPATH\CodeIgniter.php(349): CodeIgniter\CodeIgniter->handleRequest(null, Object(Config\Cache), false)
 7 FCPATH\index.php(55): CodeIgniter\CodeIgniter->run()
 8 SYSTEMPATH\Commands\Server\rewrite.php(43): require_once('FCPATH\\index.php')
CRITICAL - 2022-07-16 10:59:15 --> Invalid file: admin/adminPenghargaan.php
in SYSTEMPATH\Exceptions\FrameworkException.php on line 33.
 1 SYSTEMPATH\View\View.php(201): CodeIgniter\Exceptions\FrameworkException::forInvalidFile('admin/adminPenghargaan.php')
 2 SYSTEMPATH\Common.php(1135): CodeIgniter\View\View->render('admin/adminPenghargaan', [], true)
 3 APPPATH\Controllers\Pages.php(438): view('admin/adminPenghargaan', [...])
 4 SYSTEMPATH\CodeIgniter.php(896): App\Controllers\Pages->adminPenghargaan()
 5 SYSTEMPATH\CodeIgniter.php(466): CodeIgniter\CodeIgniter->runController(Object(App\Controllers\Pages))
 6 SYSTEMPATH\CodeIgniter.php(349): CodeIgniter\CodeIgniter->handleRequest(null, Object(Config\Cache), false)
 7 FCPATH\index.php(55): CodeIgniter\CodeIgniter->run()
 8 SYSTEMPATH\Commands\Server\rewrite.php(43): require_once('FCPATH\\index.php')
CRITICAL - 2022-07-16 11:03:13 --> Invalid file: admin/Pengargaan/TambahPenghargaan.php
in SYSTEMPATH\Exceptions\FrameworkException.php on line 33.
 1 SYSTEMPATH\View\View.php(201): CodeIgniter\Exceptions\FrameworkException::forInvalidFile('admin/Pengargaan/TambahPenghargaan.php')
 2 SYSTEMPATH\Common.php(1135): CodeIgniter\View\View->render('admin/Pengargaan/TambahPenghargaan', [], true)
 3 APPPATH\Controllers\Pages.php(528): view('admin/Pengargaan/TambahPenghargaan', [...])
 4 SYSTEMPATH\CodeIgniter.php(896): App\Controllers\Pages->TambahPenghargaan()
 5 SYSTEMPATH\CodeIgniter.php(466): CodeIgniter\CodeIgniter->runController(Object(App\Controllers\Pages))
 6 SYSTEMPATH\CodeIgniter.php(349): CodeIgniter\CodeIgniter->handleRequest(null, Object(Config\Cache), false)
 7 FCPATH\index.php(55): CodeIgniter\CodeIgniter->run()
 8 SYSTEMPATH\Commands\Server\rewrite.php(43): require_once('FCPATH\\index.php')
CRITICAL - 2022-07-16 11:16:03 --> Invalid file: admin/AdminUser.php
in SYSTEMPATH\Exceptions\FrameworkException.php on line 33.
 1 SYSTEMPATH\View\View.php(201): CodeIgniter\Exceptions\FrameworkException::forInvalidFile('admin/AdminUser.php')
 2 SYSTEMPATH\Common.php(1135): CodeIgniter\View\View->render('admin/AdminUser', [], true)
 3 APPPATH\Controllers\Pages.php(377): view('admin/AdminUser', [...])
 4 SYSTEMPATH\CodeIgniter.php(896): App\Controllers\Pages->AdminUser()
 5 SYSTEMPATH\CodeIgniter.php(466): CodeIgniter\CodeIgniter->runController(Object(App\Controllers\Pages))
 6 SYSTEMPATH\CodeIgniter.php(349): CodeIgniter\CodeIgniter->handleRequest(null, Object(Config\Cache), false)
 7 FCPATH\index.php(55): CodeIgniter\CodeIgniter->run()
 8 SYSTEMPATH\Commands\Server\rewrite.php(43): require_once('FCPATH\\index.php')
CRITICAL - 2022-07-16 11:16:04 --> Invalid file: admin/AdminUser.php
in SYSTEMPATH\Exceptions\FrameworkException.php on line 33.
 1 SYSTEMPATH\View\View.php(201): CodeIgniter\Exceptions\FrameworkException::forInvalidFile('admin/AdminUser.php')
 2 SYSTEMPATH\Common.php(1135): CodeIgniter\View\View->render('admin/AdminUser', [], true)
 3 APPPATH\Controllers\Pages.php(377): view('admin/AdminUser', [...])
 4 SYSTEMPATH\CodeIgniter.php(896): App\Controllers\Pages->AdminUser()
 5 SYSTEMPATH\CodeIgniter.php(466): CodeIgniter\CodeIgniter->runController(Object(App\Controllers\Pages))
 6 SYSTEMPATH\CodeIgniter.php(349): CodeIgniter\CodeIgniter->handleRequest(null, Object(Config\Cache), false)
 7 FCPATH\index.php(55): CodeIgniter\CodeIgniter->run()
 8 SYSTEMPATH\Commands\Server\rewrite.php(43): require_once('FCPATH\\index.php')
